[2015-07-05 20:08:14] START
[2015-07-05 20:11:21] EDIT CSPLogicNotebook/models/db.py: -13
[2015-07-05 20:12:28] EDIT CSPLogicNotebook/controllers/default.py: -27
[2015-07-05 20:13:57] CREATE default/show.: 0
[2015-07-05 20:14:57] CREATE default/show.html: 0
[2015-07-05 20:15:58] EDIT CSPLogicNotebook/views/default/show.html: 13
[2015-07-05 20:26:58] EDIT CSPLogicNotebook/views/default/index.html: -40
[2015-07-07 12:14:08] EDIT CSPLogicNotebook/models/db.py: 3
[2015-07-07 12:15:10] EDIT CSPLogicNotebook/controllers/default.py: 2
[2015-07-07 12:30:13] EDIT CSPLogicNotebook/controllers/default.py: 1
[2015-07-07 12:31:46] EDIT CSPLogicNotebook/controllers/default.py: 0
[2015-07-07 13:50:05] EDIT CSPLogicNotebook/controllers/default.py: 4
[2015-07-07 13:50:59] CREATE default/manage.html: 0
[2015-07-07 13:52:13] EDIT CSPLogicNotebook/views/default/manage.html: 0
[2015-07-07 14:02:44] EDIT CSPLogicNotebook/controllers/default.py: 0
[2015-07-20 13:43:08] EDIT CSPLogicNotebook/views/default/index.html: 0
[2015-07-20 13:46:20] EDIT CSPLogicNotebook/views/default/index.html: 1
[2015-07-20 13:47:44] EDIT CSPLogicNotebook/views/default/index.html: 0
[2015-07-20 13:49:17] EDIT CSPLogicNotebook/views/default/index.html: 0
[2015-07-20 13:49:20] EDIT CSPLogicNotebook/views/default/index.html: 0
[2015-07-20 13:52:38] EDIT CSPLogicNotebook/views/default/index.html: 0
[2015-07-20 13:54:24] EDIT CSPLogicNotebook/views/default/index.html: 0
[2015-07-20 13:55:28] EDIT CSPLogicNotebook/views/default/index.html: 0
[2015-07-20 13:55:32] EDIT CSPLogicNotebook/views/default/index.html: 0
[2015-07-20 13:55:39] EDIT CSPLogicNotebook/views/default/index.html: 0
[2015-07-20 13:57:36] EDIT CSPLogicNotebook/views/default/index.html: 0
[2015-07-20 13:57:39] EDIT CSPLogicNotebook/views/default/index.html: 0
[2015-07-20 14:06:29] EDIT CSPLogicNotebook/controllers/default.py: 1
[2015-07-20 14:08:02] EDIT CSPLogicNotebook/views/default/index.html: -1
[2015-07-20 14:08:05] EDIT CSPLogicNotebook/views/default/index.html: 0
[2015-07-20 14:08:16] EDIT CSPLogicNotebook/views/default/index.html: 0
[2015-07-20 14:08:18] EDIT CSPLogicNotebook/views/default/index.html: 0
[2015-07-20 14:09:02] EDIT CSPLogicNotebook/views/default/index.html: 0
[2015-07-20 14:09:50] EDIT CSPLogicNotebook/views/default/index.html: 0
[2015-07-20 14:22:22] EDIT CSPLogicNotebook/views/default/index.html: 0
[2015-07-20 14:24:20] EDIT CSPLogicNotebook/views/default/index.html: 2
[2015-07-20 14:25:36] EDIT CSPLogicNotebook/views/default/index.html: 0
[2015-07-20 14:26:12] EDIT CSPLogicNotebook/views/default/index.html: 0
[2015-07-20 14:26:14] EDIT CSPLogicNotebook/views/default/index.html: 0
[2015-07-20 14:27:28] EDIT CSPLogicNotebook/views/default/index.html: 0
[2015-07-20 14:34:36] EDIT CSPLogicNotebook/models/menu.py: 0
[2015-07-20 14:35:51] EDIT CSPLogicNotebook/models/menu.py: 0
[2015-07-20 14:35:54] EDIT CSPLogicNotebook/models/menu.py: 0
[2015-07-20 14:35:54] EDIT CSPLogicNotebook/models/menu.py: 0
[2015-07-20 14:35:59] EDIT CSPLogicNotebook/models/menu.py: 0
[2015-07-20 14:37:07] EDIT CSPLogicNotebook/models/menu.py: 0
[2015-07-20 15:19:14] EDIT CSPLogicNotebook/models/menu.py: 0
[2015-07-20 15:19:17] EDIT CSPLogicNotebook/models/menu.py: 0
[2015-07-20 15:19:25] EDIT CSPLogicNotebook/models/menu.py: 0
[2015-07-20 15:50:29] EDIT CSPLogicNotebook/models/menu.py: 0
[2015-07-20 15:50:34] EDIT CSPLogicNotebook/models/menu.py: 0
[2015-07-25 11:40:22] EDIT CSPLogicNotebook/models/menu.py: 0
[2015-07-25 11:42:02] EDIT CSPLogicNotebook/models/menu.py: 0
[2015-07-25 11:42:05] EDIT CSPLogicNotebook/models/menu.py: 0
[2015-07-26 13:44:56] EDIT CSPLogicNotebook/views/default/show.html: 3
[2015-07-26 13:45:42] EDIT CSPLogicNotebook/views/default/show.html: 0
[2015-07-26 13:46:40] EDIT CSPLogicNotebook/views/default/index.html: 1
[2015-07-26 14:50:52] EDIT CSPLogicNotebook/models/menu.py: 0
[2015-07-26 15:18:47] EDIT CSPLogicNotebook/views/default/index.html: 3
[2015-07-26 15:19:07] EDIT CSPLogicNotebook/views/default/show.html: 3
[2015-07-26 15:19:09] EDIT CSPLogicNotebook/views/default/show.html: 0
[2015-08-13 15:42:11] CREATE default/overview.html: 0
[2015-08-13 15:42:40] CREATE default/introduction.html: 0
[2015-08-13 15:42:57] CREATE default/about.html: 0
[2015-08-13 15:43:14] CREATE default/contact.html: 0
[2015-08-13 21:48:36] EDIT CSPLogicNotebook/views/default/about.html: 1
[2015-08-13 21:49:50] EDIT CSPLogicNotebook/views/default/about.html: 0
[2015-08-13 21:54:03] EDIT CSPLogicNotebook/views/default/contact.html: 7
[2015-08-14 22:29:47] EDIT CSPLogicNotebook/views/default/introduction.html: 3
[2015-08-14 22:31:03] EDIT CSPLogicNotebook/views/default/overview.html: 0
[2015-08-23 17:49:55] EDIT CSPLogicNotebook/views/default/overview.html: 3
[2015-08-23 17:51:34] EDIT CSPLogicNotebook/views/default/overview.html: 3
[2015-08-23 17:55:01] EDIT CSPLogicNotebook/views/default/overview.html: 3
[2015-08-23 17:59:08] EDIT CSPLogicNotebook/views/default/overview.html: 3
[2015-08-23 18:21:24] EDIT CSPLogicNotebook/views/default/overview.html: 7
[2015-08-23 18:21:27] EDIT CSPLogicNotebook/views/default/overview.html: 0
[2015-08-23 18:21:40] EDIT CSPLogicNotebook/views/default/overview.html: 0
[2015-08-23 18:21:43] EDIT CSPLogicNotebook/views/default/overview.html: 0
[2015-08-23 18:23:22] EDIT CSPLogicNotebook/views/default/overview.html: 0
[2015-08-23 18:32:46] EDIT CSPLogicNotebook/views/default/overview.html: 1
[2015-08-23 18:38:37] EDIT CSPLogicNotebook/views/default/overview.html: 3
[2015-08-23 19:12:34] EDIT CSPLogicNotebook/views/default/overview.html: 18
[2015-08-23 19:17:48] EDIT CSPLogicNotebook/views/default/overview.html: 24
[2015-08-23 19:17:50] EDIT CSPLogicNotebook/views/default/overview.html: 0
[2015-08-23 19:19:46] EDIT CSPLogicNotebook/views/default/introduction.html: 3
[2015-08-23 19:19:49] EDIT CSPLogicNotebook/views/default/introduction.html: 0
[2015-08-23 19:19:53] EDIT CSPLogicNotebook/views/default/introduction.html: 0
[2015-08-23 19:19:58] EDIT CSPLogicNotebook/views/default/introduction.html: 0
[2015-08-23 19:20:57] EDIT CSPLogicNotebook/views/default/about.html: 0
